<?xml version="1.0" encoding="UTF-8"?>
<!-- Generated by org.testng.reporters.JUnitXMLReporter -->
<testsuite hostname="ehtsham-thinkbook-15-g2-itl" ignored="0" name="Default test" tests="5" failures="0" timestamp="31 Jul 2021 10:46:22 GMT" time="7.55" errors="0">
  <testcase name="personalRegistartion_001" time="0.007" classname="tests.SignUpTests"/>
  <testcase name="personalRegistartion_002" time="0.001" classname="tests.SignUpTests"/>
  <testcase name="personalRegistartion_003" time="0.0" classname="tests.SignUpTests"/>
  <testcase name="personalRegistartion_004" time="0.001" classname="tests.SignUpTests"/>
  <testcase name="personalRegistartion_005" time="0.001" classname="tests.SignUpTests"/>
</testsuite> <!-- Default test -->
