<?xml version="1.0" encoding="UTF-8"?>
<testng-results skipped="0" failed="0" ignored="0" total="1" passed="1">
  <reporter-output>
  </reporter-output>
  <suite name="Default suite" duration-ms="26868" started-at="2021-08-06T09:08:13Z" finished-at="2021-08-06T09:08:40Z">
    <groups>
    </groups>
    <test name="Default test" duration-ms="26868" started-at="2021-08-06T09:08:13Z" finished-at="2021-08-06T09:08:40Z">
      <class name="tests.PersonalRegistrationTests">
        <test-method status="PASS" signature="reportSetup()[pri:0, instance:tests.PersonalRegistrationTests@47ef968d]" name="reportSetup" is-config="true" duration-ms="95" started-at="2021-08-06T09:08:13Z" finished-at="2021-08-06T09:08:13Z">
          <reporter-output>
          </reporter-output>
        </test-method> <!-- reportSetup -->
        <test-method status="PASS" signature="setup()[pri:0, instance:tests.PersonalRegistrationTests@47ef968d]" name="setup" is-config="true" duration-ms="7821" started-at="2021-08-06T09:08:13Z" finished-at="2021-08-06T09:08:21Z">
          <reporter-output>
          </reporter-output>
        </test-method> <!-- setup -->
        <test-method status="PASS" signature="verifySupportedCountry()[pri:1, instance:tests.PersonalRegistrationTests@47ef968d]" name="verifySupportedCountry" duration-ms="18782" started-at="2021-08-06T09:08:21Z" finished-at="2021-08-06T09:08:40Z">
          <reporter-output>
          </reporter-output>
        </test-method> <!-- verifySupportedCountry -->
        <test-method status="PASS" signature="teardown()[pri:0, instance:tests.PersonalRegistrationTests@47ef968d]" name="teardown" is-config="true" duration-ms="251" started-at="2021-08-06T09:08:40Z" finished-at="2021-08-06T09:08:40Z">
          <reporter-output>
          </reporter-output>
        </test-method> <!-- teardown -->
        <test-method status="PASS" signature="reportTeardow()[pri:0, instance:tests.PersonalRegistrationTests@47ef968d]" name="reportTeardow" is-config="true" duration-ms="154" started-at="2021-08-06T09:08:40Z" finished-at="2021-08-06T09:08:40Z">
          <reporter-output>
          </reporter-output>
        </test-method> <!-- reportTeardow -->
      </class> <!-- tests.PersonalRegistrationTests -->
    </test> <!-- Default test -->
  </suite> <!-- Default suite -->
</testng-results>
